
  .   ____          _            __ _ _
 /\\ / ___'_ __ _ _(_)_ __  __ _ \ \ \ \
( ( )\___ | '_ | '_| | '_ \/ _` | \ \ \ \
 \\/  ___)| |_)| | | | | || (_| |  ) ) ) )
  '  |____| .__|_| |_|_| |_\__, | / / / /
 =========|_|==============|___/=/_/_/_/
 :: Spring Boot ::       (v1.5.10.RELEASE)

2018-03-02 16:03:29.739  INFO 10913 --- [           main] c.d.m.d.DeviceManagerApplication         : Starting DeviceManagerApplication v0.0.1-SNAPSHOT on johnson3yo-ThinkPad-T420 with PID 10913 (/home/johnson3yo/psb-test/johnson_eyo/target/DeviceManager-0.0.1-SNAPSHOT.jar started by johnson3yo in /home/johnson3yo/psb-test/johnson_eyo)
2018-03-02 16:03:29.744  INFO 10913 --- [           main] c.d.m.d.DeviceManagerApplication         : No active profile set, falling back to default profiles: default
2018-03-02 16:03:29.861  INFO 10913 --- [           main] ationConfigEmbeddedWebApplicationContext : Refreshing org.springframework.boot.context.embedded.AnnotationConfigEmbeddedWebApplicationContext@1698c449: startup date [Fri Mar 02 16:03:29 WAT 2018]; root of context hierarchy
2018-03-02 16:03:32.124  INFO 10913 --- [           main] s.b.c.e.t.TomcatEmbeddedServletContainer : Tomcat initialized with port(s): 8080 (http)
2018-03-02 16:03:32.152  INFO 10913 --- [           main] o.apache.catalina.core.StandardService   : Starting service [Tomcat]
2018-03-02 16:03:32.153  INFO 10913 --- [           main] org.apache.catalina.core.StandardEngine  : Starting Servlet Engine: Apache Tomcat/8.5.27
2018-03-02 16:03:32.276  INFO 10913 --- [ost-startStop-1] o.a.c.c.C.[Tomcat].[localhost].[/]       : Initializing Spring embedded WebApplicationContext
2018-03-02 16:03:32.277  INFO 10913 --- [ost-startStop-1] o.s.web.context.ContextLoader            : Root WebApplicationContext: initialization completed in 2425 ms
2018-03-02 16:03:32.442  INFO 10913 --- [ost-startStop-1] o.s.b.w.servlet.ServletRegistrationBean  : Mapping servlet: 'dispatcherServlet' to [/]
2018-03-02 16:03:32.447  INFO 10913 --- [ost-startStop-1] o.s.b.w.servlet.FilterRegistrationBean   : Mapping filter: 'characterEncodingFilter' to: [/*]
2018-03-02 16:03:32.448  INFO 10913 --- [ost-startStop-1] o.s.b.w.servlet.FilterRegistrationBean   : Mapping filter: 'hiddenHttpMethodFilter' to: [/*]
2018-03-02 16:03:32.448  INFO 10913 --- [ost-startStop-1] o.s.b.w.servlet.FilterRegistrationBean   : Mapping filter: 'httpPutFormContentFilter' to: [/*]
2018-03-02 16:03:32.448  INFO 10913 --- [ost-startStop-1] o.s.b.w.servlet.FilterRegistrationBean   : Mapping filter: 'requestContextFilter' to: [/*]
2018-03-02 16:03:32.544  INFO 10913 --- [           main] o.s.s.c.ThreadPoolTaskScheduler          : Initializing ExecutorService  'threadPoolTaskScheduler'
2018-03-02 16:03:32.904  INFO 10913 --- [           main] s.w.s.m.m.a.RequestMappingHandlerAdapter : Looking for @ControllerAdvice: org.springframework.boot.context.embedded.AnnotationConfigEmbeddedWebApplicationContext@1698c449: startup date [Fri Mar 02 16:03:29 WAT 2018]; root of context hierarchy
2018-03-02 16:03:33.027  INFO 10913 --- [           main] s.w.s.m.m.a.RequestMappingHandlerMapping : Mapped "{[/manager/saveDevice],methods=[POST]}" onto public org.springframework.http.ResponseEntity com.device.manager.devicemanager.controller.DeviceController.saveDevice(com.device.manager.devicemanager.model.Device)
2018-03-02 16:03:33.029  INFO 10913 --- [           main] s.w.s.m.m.a.RequestMappingHandlerMapping : Mapped "{[/manager/findAllDevices],methods=[GET]}" onto public org.springframework.http.ResponseEntity com.device.manager.devicemanager.controller.DeviceController.findAllDevices()
2018-03-02 16:03:33.030  INFO 10913 --- [           main] s.w.s.m.m.a.RequestMappingHandlerMapping : Mapped "{[/manager/updateDevice],methods=[PUT]}" onto public org.springframework.http.ResponseEntity com.device.manager.devicemanager.controller.DeviceController.updateDevice(com.device.manager.devicemanager.model.Device)
2018-03-02 16:03:33.030  INFO 10913 --- [           main] s.w.s.m.m.a.RequestMappingHandlerMapping : Mapped "{[/manager/findDeviceByStatus],methods=[GET],produces=[application/json]}" onto public org.springframework.http.ResponseEntity com.device.manager.devicemanager.controller.DeviceController.findDeviceByStatus(java.lang.String)
2018-03-02 16:03:33.030  INFO 10913 --- [           main] s.w.s.m.m.a.RequestMappingHandlerMapping : Mapped "{[/manager/findDevice],methods=[GET]}" onto public org.springframework.http.ResponseEntity com.device.manager.devicemanager.controller.DeviceController.findDevice(java.lang.String)
2018-03-02 16:03:33.034  INFO 10913 --- [           main] s.w.s.m.m.a.RequestMappingHandlerMapping : Mapped "{[/error],produces=[text/html]}" onto public org.springframework.web.servlet.ModelAndView org.springframework.boot.autoconfigure.web.BasicErrorController.errorHtml(javax.servlet.http.HttpServletRequest,javax.servlet.http.HttpServletResponse)
2018-03-02 16:03:33.034  INFO 10913 --- [           main] s.w.s.m.m.a.RequestMappingHandlerMapping : Mapped "{[/error]}" onto public org.springframework.http.ResponseEntity<java.util.Map<java.lang.String, java.lang.Object>> org.springframework.boot.autoconfigure.web.BasicErrorController.error(javax.servlet.http.HttpServletRequest)
2018-03-02 16:03:33.071  INFO 10913 --- [           main] o.s.w.s.handler.SimpleUrlHandlerMapping  : Mapped URL path [/webjars/**] onto handler of type [class org.springframework.web.servlet.resource.ResourceHttpRequestHandler]
2018-03-02 16:03:33.071  INFO 10913 --- [           main] o.s.w.s.handler.SimpleUrlHandlerMapping  : Mapped URL path [/**] onto handler of type [class org.springframework.web.servlet.resource.ResourceHttpRequestHandler]
2018-03-02 16:03:33.115  INFO 10913 --- [           main] o.s.w.s.handler.SimpleUrlHandlerMapping  : Mapped URL path [/**/favicon.ico] onto handler of type [class org.springframework.web.servlet.resource.ResourceHttpRequestHandler]
2018-03-02 16:03:33.286  INFO 10913 --- [           main] o.s.j.e.a.AnnotationMBeanExporter        : Registering beans for JMX exposure on startup
2018-03-02 16:03:33.384 ERROR 10913 --- [           main] o.apache.catalina.core.StandardService   : Failed to start connector [Connector[HTTP/1.1-8080]]

org.apache.catalina.LifecycleException: Failed to start component [Connector[HTTP/1.1-8080]]
	at org.apache.catalina.util.LifecycleBase.start(LifecycleBase.java:167) ~[tomcat-embed-core-8.5.27.jar!/:8.5.27]
	at org.apache.catalina.core.StandardService.addConnector(StandardService.java:225) ~[tomcat-embed-core-8.5.27.jar!/:8.5.27]
	at org.springframework.boot.context.embedded.tomcat.TomcatEmbeddedServletContainer.addPreviouslyRemovedConnectors(TomcatEmbeddedServletContainer.java:250) [spring-boot-1.5.10.RELEASE.jar!/:1.5.10.RELEASE]
	at org.springframework.boot.context.embedded.tomcat.TomcatEmbeddedServletContainer.start(TomcatEmbeddedServletContainer.java:193) [spring-boot-1.5.10.RELEASE.jar!/:1.5.10.RELEASE]
	at org.springframework.boot.context.embedded.EmbeddedWebApplicationContext.startEmbeddedServletContainer(EmbeddedWebApplicationContext.java:297) [spring-boot-1.5.10.RELEASE.jar!/:1.5.10.RELEASE]
	at org.springframework.boot.context.embedded.EmbeddedWebApplicationContext.finishRefresh(EmbeddedWebApplicationContext.java:145) [spring-boot-1.5.10.RELEASE.jar!/:1.5.10.RELEASE]
	at org.springframework.context.support.AbstractApplicationContext.refresh(AbstractApplicationContext.java:546) [spring-context-4.3.14.RELEASE.jar!/:4.3.14.RELEASE]
	at org.springframework.boot.context.embedded.EmbeddedWebApplicationContext.refresh(EmbeddedWebApplicationContext.java:122) [spring-boot-1.5.10.RELEASE.jar!/:1.5.10.RELEASE]
	at org.springframework.boot.SpringApplication.refresh(SpringApplication.java:693) [spring-boot-1.5.10.RELEASE.jar!/:1.5.10.RELEASE]
	at org.springframework.boot.SpringApplication.refreshContext(SpringApplication.java:360) [spring-boot-1.5.10.RELEASE.jar!/:1.5.10.RELEASE]
	at org.springframework.boot.SpringApplication.run(SpringApplication.java:303) [spring-boot-1.5.10.RELEASE.jar!/:1.5.10.RELEASE]
	at org.springframework.boot.SpringApplication.run(SpringApplication.java:1118) [spring-boot-1.5.10.RELEASE.jar!/:1.5.10.RELEASE]
	at org.springframework.boot.SpringApplication.run(SpringApplication.java:1107) [spring-boot-1.5.10.RELEASE.jar!/:1.5.10.RELEASE]
	at com.device.manager.devicemanager.DeviceManagerApplication.main(DeviceManagerApplication.java:10) [classes!/:0.0.1-SNAPSHOT]
	at sun.reflect.NativeMethodAccessorImpl.invoke0(Native Method) ~[na:1.8.0_151]
	at sun.reflect.NativeMethodAccessorImpl.invoke(NativeMethodAccessorImpl.java:62) ~[na:1.8.0_151]
	at sun.reflect.DelegatingMethodAccessorImpl.invoke(DelegatingMethodAccessorImpl.java:43) ~[na:1.8.0_151]
	at java.lang.reflect.Method.invoke(Method.java:498) ~[na:1.8.0_151]
	at org.springframework.boot.loader.MainMethodRunner.run(MainMethodRunner.java:48) [DeviceManager-0.0.1-SNAPSHOT.jar:0.0.1-SNAPSHOT]
	at org.springframework.boot.loader.Launcher.launch(Launcher.java:87) [DeviceManager-0.0.1-SNAPSHOT.jar:0.0.1-SNAPSHOT]
	at org.springframework.boot.loader.Launcher.launch(Launcher.java:50) [DeviceManager-0.0.1-SNAPSHOT.jar:0.0.1-SNAPSHOT]
	at org.springframework.boot.loader.JarLauncher.main(JarLauncher.java:51) [DeviceManager-0.0.1-SNAPSHOT.jar:0.0.1-SNAPSHOT]
Caused by: org.apache.catalina.LifecycleException: Protocol handler start failed
	at org.apache.catalina.connector.Connector.startInternal(Connector.java:1021) ~[tomcat-embed-core-8.5.27.jar!/:8.5.27]
	at org.apache.catalina.util.LifecycleBase.start(LifecycleBase.java:150) ~[tomcat-embed-core-8.5.27.jar!/:8.5.27]
	... 21 common frames omitted
Caused by: java.net.BindException: Address already in use
	at sun.nio.ch.Net.bind0(Native Method) ~[na:1.8.0_151]
	at sun.nio.ch.Net.bind(Net.java:433) ~[na:1.8.0_151]
	at sun.nio.ch.Net.bind(Net.java:425) ~[na:1.8.0_151]
	at sun.nio.ch.ServerSocketChannelImpl.bind(ServerSocketChannelImpl.java:223) ~[na:1.8.0_151]
	at sun.nio.ch.ServerSocketAdaptor.bind(ServerSocketAdaptor.java:74) ~[na:1.8.0_151]
	at org.apache.tomcat.util.net.NioEndpoint.bind(NioEndpoint.java:210) ~[tomcat-embed-core-8.5.27.jar!/:8.5.27]
	at org.apache.tomcat.util.net.AbstractEndpoint.start(AbstractEndpoint.java:1150) ~[tomcat-embed-core-8.5.27.jar!/:8.5.27]
	at org.apache.coyote.AbstractProtocol.start(AbstractProtocol.java:591) ~[tomcat-embed-core-8.5.27.jar!/:8.5.27]
	at org.apache.catalina.connector.Connector.startInternal(Connector.java:1018) ~[tomcat-embed-core-8.5.27.jar!/:8.5.27]
	... 22 common frames omitted

2018-03-02 16:03:33.394  INFO 10913 --- [           main] o.apache.catalina.core.StandardService   : Stopping service [Tomcat]
2018-03-02 16:03:33.467  INFO 10913 --- [           main] utoConfigurationReportLoggingInitializer : 

Error starting ApplicationContext. To display the auto-configuration report re-run your application with 'debug' enabled.
2018-03-02 16:03:33.473 ERROR 10913 --- [           main] o.s.b.d.LoggingFailureAnalysisReporter   : 

***************************
APPLICATION FAILED TO START
***************************

Description:

The Tomcat connector configured to listen on port 8080 failed to start. The port may already be in use or the connector may be misconfigured.

Action:

Verify the connector's configuration, identify and stop any process that's listening on port 8080, or configure this application to listen on another port.

2018-03-02 16:03:33.475  INFO 10913 --- [           main] ationConfigEmbeddedWebApplicationContext : Closing org.springframework.boot.context.embedded.AnnotationConfigEmbeddedWebApplicationContext@1698c449: startup date [Fri Mar 02 16:03:29 WAT 2018]; root of context hierarchy
2018-03-02 16:03:33.477  INFO 10913 --- [           main] o.s.j.e.a.AnnotationMBeanExporter        : Unregistering JMX-exposed beans on shutdown
2018-03-02 16:03:33.478  INFO 10913 --- [           main] o.s.s.c.ThreadPoolTaskScheduler          : Shutting down ExecutorService 'threadPoolTaskScheduler'
